[0.225s] [34mcolcon[0m [1;30mDEBUG[0m [32mCommand line arguments: ['/Users/Colegio/miniforge3/envs/rosenv/bin/colcon', 'build', '--symlink-install'][0m
[0.225s] [34mcolcon[0m [1;30mDEBUG[0m [32mParsed command line arguments: Namespace(log_base=None, log_level=None, verb_name='build', build_base='build', install_base='install', merge_install=False, symlink_install=True, test_result_base=None, continue_on_error=False, executor='parallel', parallel_workers=8, event_handlers=None, ignore_user_meta=False, metas=['./colcon.meta'], base_paths=['.'], packages_ignore=None, packages_ignore_regex=None, paths=None, packages_up_to=None, packages_up_to_regex=None, packages_above=None, packages_above_and_dependencies=None, packages_above_depth=None, packages_select_by_dep=None, packages_skip_by_dep=None, packages_skip_up_to=None, packages_select_build_failed=False, packages_skip_build_finished=False, packages_select_test_failures=False, packages_skip_test_passed=False, packages_select=None, packages_skip=None, packages_select_regex=None, packages_skip_regex=None, packages_start=None, packages_end=None, cmake_args=None, cmake_target=None, cmake_target_skip_unavailable=False, cmake_clean_cache=False, cmake_clean_first=False, cmake_force_configure=False, ament_cmake_args=None, catkin_cmake_args=None, catkin_skip_building_tests=False, verb_parser=<colcon_defaults.argument_parser.defaults.DefaultArgumentsDecorator object at 0x1037efc90>, verb_extension=<colcon_core.verb.build.BuildVerb object at 0x1037ef5d0>, main=<bound method BuildVerb.main of <colcon_core.verb.build.BuildVerb object at 0x1037ef5d0>>)[0m
[0.274s] [34mcolcon.colcon_core.package_discovery[0m [1;30mLevel 1[0m discover_packages(colcon_meta) check parameters
[0.274s] [34mcolcon.colcon_core.package_discovery[0m [1;30mLevel 1[0m discover_packages(recursive) check parameters
[0.274s] [34mcolcon.colcon_core.package_discovery[0m [1;30mLevel 1[0m discover_packages(ignore) check parameters
[0.274s] [34mcolcon.colcon_core.package_discovery[0m [1;30mLevel 1[0m discover_packages(path) check parameters
[0.274s] [34mcolcon.colcon_core.package_discovery[0m [1;30mLevel 1[0m discover_packages(colcon_meta) discover
[0.274s] [34mcolcon.colcon_core.package_discovery[0m [1;30mLevel 1[0m discover_packages(recursive) discover
[0.276s] [34mcolcon.colcon_core.package_discovery[0m [1;30mINFO[0m Crawling recursively for packages in '/Users/Colegio/Documents/4to/1er_Semestre/Robotica/TPFinal_Robotica'
[0.276s] [34mcolcon.colcon_core.package_identification[0m [1;30mLevel 1[0m _identify(.) by extensions ['ignore', 'ignore_ament_install']
[0.276s] [34mcolcon.colcon_core.package_identification[0m [1;30mLevel 1[0m _identify(.) by extension 'ignore'
[0.276s] [34mcolcon.colcon_core.package_identification[0m [1;30mLevel 1[0m _identify(.) by extension 'ignore_ament_install'
[0.276s] [34mcolcon.colcon_core.package_identification[0m [1;30mLevel 1[0m _identify(.) by extensions ['colcon_pkg']
[0.276s] [34mcolcon.colcon_core.package_identification[0m [1;30mLevel 1[0m _identify(.) by extension 'colcon_pkg'
[0.276s] [34mcolcon.colcon_core.package_identification[0m [1;30mLevel 1[0m _identify(.) by extensions ['colcon_meta']
[0.276s] [34mcolcon.colcon_core.package_identification[0m [1;30mLevel 1[0m _identify(.) by extension 'colcon_meta'
[0.276s] [34mcolcon.colcon_core.package_identification[0m [1;30mLevel 1[0m _identify(.) by extensions ['ros']
[0.276s] [34mcolcon.colcon_core.package_identification[0m [1;30mLevel 1[0m _identify(.) by extension 'ros'
[0.298s] [34mcolcon.colcon_core.package_identification[0m [1;30mLevel 1[0m _identify(.) by extensions ['cmake', 'python']
[0.298s] [34mcolcon.colcon_core.package_identification[0m [1;30mLevel 1[0m _identify(.) by extension 'cmake'
[0.298s] [34mcolcon.colcon_core.package_identification[0m [1;30mLevel 1[0m _identify(.) by extension 'python'
[0.298s] [34mcolcon.colcon_core.package_identification[0m [1;30mLevel 1[0m _identify(.) by extensions ['python_setup_py']
[0.298s] [34mcolcon.colcon_core.package_identification[0m [1;30mLevel 1[0m _identify(.) by extension 'python_setup_py'
[0.298s] [34mcolcon.colcon_core.package_identification[0m [1;30mLevel 1[0m _identify(build) by extensions ['ignore', 'ignore_ament_install']
[0.298s] [34mcolcon.colcon_core.package_identification[0m [1;30mLevel 1[0m _identify(build) by extension 'ignore'
[0.298s] [34mcolcon.colcon_core.package_identification[0m [1;30mLevel 1[0m _identify(build) ignored
[0.298s] [34mcolcon.colcon_core.package_identification[0m [1;30mLevel 1[0m _identify(install) by extensions ['ignore', 'ignore_ament_install']
[0.299s] [34mcolcon.colcon_core.package_identification[0m [1;30mLevel 1[0m _identify(install) by extension 'ignore'
[0.299s] [34mcolcon.colcon_core.package_identification[0m [1;30mLevel 1[0m _identify(install) ignored
[0.299s] [34mcolcon.colcon_core.package_identification[0m [1;30mLevel 1[0m _identify(log) by extensions ['ignore', 'ignore_ament_install']
[0.299s] [34mcolcon.colcon_core.package_identification[0m [1;30mLevel 1[0m _identify(log) by extension 'ignore'
[0.299s] [34mcolcon.colcon_core.package_identification[0m [1;30mLevel 1[0m _identify(log) ignored
[0.299s] [34mcolcon.colcon_core.package_identification[0m [1;30mLevel 1[0m _identify(my_png_model) by extensions ['ignore', 'ignore_ament_install']
[0.299s] [34mcolcon.colcon_core.package_identification[0m [1;30mLevel 1[0m _identify(my_png_model) by extension 'ignore'
[0.299s] [34mcolcon.colcon_core.package_identification[0m [1;30mLevel 1[0m _identify(my_png_model) by extension 'ignore_ament_install'
[0.299s] [34mcolcon.colcon_core.package_identification[0m [1;30mLevel 1[0m _identify(my_png_model) by extensions ['colcon_pkg']
[0.299s] [34mcolcon.colcon_core.package_identification[0m [1;30mLevel 1[0m _identify(my_png_model) by extension 'colcon_pkg'
[0.299s] [34mcolcon.colcon_core.package_identification[0m [1;30mLevel 1[0m _identify(my_png_model) by extensions ['colcon_meta']
[0.299s] [34mcolcon.colcon_core.package_identification[0m [1;30mLevel 1[0m _identify(my_png_model) by extension 'colcon_meta'
[0.299s] [34mcolcon.colcon_core.package_identification[0m [1;30mLevel 1[0m _identify(my_png_model) by extensions ['ros']
[0.299s] [34mcolcon.colcon_core.package_identification[0m [1;30mLevel 1[0m _identify(my_png_model) by extension 'ros'
[0.299s] [34mcolcon.colcon_core.package_identification[0m [1;30mLevel 1[0m _identify(my_png_model) by extensions ['cmake', 'python']
[0.299s] [34mcolcon.colcon_core.package_identification[0m [1;30mLevel 1[0m _identify(my_png_model) by extension 'cmake'
[0.299s] [34mcolcon.colcon_core.package_identification[0m [1;30mLevel 1[0m _identify(my_png_model) by extension 'python'
[0.299s] [34mcolcon.colcon_core.package_identification[0m [1;30mLevel 1[0m _identify(my_png_model) by extensions ['python_setup_py']
[0.299s] [34mcolcon.colcon_core.package_identification[0m [1;30mLevel 1[0m _identify(my_png_model) by extension 'python_setup_py'
[0.299s] [34mcolcon.colcon_core.package_identification[0m [1;30mLevel 1[0m _identify(turtlebot3_slam_mapper) by extensions ['ignore', 'ignore_ament_install']
[0.299s] [34mcolcon.colcon_core.package_identification[0m [1;30mLevel 1[0m _identify(turtlebot3_slam_mapper) by extension 'ignore'
[0.299s] [34mcolcon.colcon_core.package_identification[0m [1;30mLevel 1[0m _identify(turtlebot3_slam_mapper) by extension 'ignore_ament_install'
[0.299s] [34mcolcon.colcon_core.package_identification[0m [1;30mLevel 1[0m _identify(turtlebot3_slam_mapper) by extensions ['colcon_pkg']
[0.299s] [34mcolcon.colcon_core.package_identification[0m [1;30mLevel 1[0m _identify(turtlebot3_slam_mapper) by extension 'colcon_pkg'
[0.299s] [34mcolcon.colcon_core.package_identification[0m [1;30mLevel 1[0m _identify(turtlebot3_slam_mapper) by extensions ['colcon_meta']
[0.299s] [34mcolcon.colcon_core.package_identification[0m [1;30mLevel 1[0m _identify(turtlebot3_slam_mapper) by extension 'colcon_meta'
[0.299s] [34mcolcon.colcon_core.package_identification[0m [1;30mLevel 1[0m _identify(turtlebot3_slam_mapper) by extensions ['ros']
[0.299s] [34mcolcon.colcon_core.package_identification[0m [1;30mLevel 1[0m _identify(turtlebot3_slam_mapper) by extension 'ros'
[0.302s] [34mcolcon.colcon_core.package_identification[0m [1;30mDEBUG[0m [32mPackage 'turtlebot3_slam_mapper' with type 'ros.ament_python' and name 'turtlebot3_slam_mapper'[0m
[0.302s] [34mcolcon.colcon_core.package_discovery[0m [1;30mLevel 1[0m discover_packages(recursive) using defaults
[0.302s] [34mcolcon.colcon_core.package_discovery[0m [1;30mLevel 1[0m discover_packages(ignore) discover
[0.302s] [34mcolcon.colcon_core.package_discovery[0m [1;30mLevel 1[0m discover_packages(ignore) using defaults
[0.302s] [34mcolcon.colcon_core.package_discovery[0m [1;30mLevel 1[0m discover_packages(path) discover
[0.302s] [34mcolcon.colcon_core.package_discovery[0m [1;30mLevel 1[0m discover_packages(path) using defaults
[0.318s] [34mcolcon.colcon_core.verb[0m [1;30mLevel 5[0m set package 'turtlebot3_slam_mapper' build argument 'cmake_args' from command line to 'None'
[0.318s] [34mcolcon.colcon_core.verb[0m [1;30mLevel 5[0m set package 'turtlebot3_slam_mapper' build argument 'cmake_target' from command line to 'None'
[0.318s] [34mcolcon.colcon_core.verb[0m [1;30mLevel 5[0m set package 'turtlebot3_slam_mapper' build argument 'cmake_target_skip_unavailable' from command line to 'False'
[0.318s] [34mcolcon.colcon_core.verb[0m [1;30mLevel 5[0m set package 'turtlebot3_slam_mapper' build argument 'cmake_clean_cache' from command line to 'False'
[0.318s] [34mcolcon.colcon_core.verb[0m [1;30mLevel 5[0m set package 'turtlebot3_slam_mapper' build argument 'cmake_clean_first' from command line to 'False'
[0.318s] [34mcolcon.colcon_core.verb[0m [1;30mLevel 5[0m set package 'turtlebot3_slam_mapper' build argument 'cmake_force_configure' from command line to 'False'
[0.318s] [34mcolcon.colcon_core.verb[0m [1;30mLevel 5[0m set package 'turtlebot3_slam_mapper' build argument 'ament_cmake_args' from command line to 'None'
[0.318s] [34mcolcon.colcon_core.verb[0m [1;30mLevel 5[0m set package 'turtlebot3_slam_mapper' build argument 'catkin_cmake_args' from command line to 'None'
[0.319s] [34mcolcon.colcon_core.verb[0m [1;30mLevel 5[0m set package 'turtlebot3_slam_mapper' build argument 'catkin_skip_building_tests' from command line to 'False'
[0.319s] [34mcolcon.colcon_core.verb[0m [1;30mDEBUG[0m [32mBuilding package 'turtlebot3_slam_mapper' with the following arguments: {'ament_cmake_args': None, 'build_base': '/Users/Colegio/Documents/4to/1er_Semestre/Robotica/TPFinal_Robotica/build/turtlebot3_slam_mapper', 'catkin_cmake_args': None, 'catkin_skip_building_tests': False, 'cmake_args': None, 'cmake_clean_cache': False, 'cmake_clean_first': False, 'cmake_force_configure': False, 'cmake_target': None, 'cmake_target_skip_unavailable': False, 'install_base': '/Users/Colegio/Documents/4to/1er_Semestre/Robotica/TPFinal_Robotica/install/turtlebot3_slam_mapper', 'merge_install': False, 'path': '/Users/Colegio/Documents/4to/1er_Semestre/Robotica/TPFinal_Robotica/turtlebot3_slam_mapper', 'symlink_install': True, 'test_result_base': None}[0m
[0.319s] [34mcolcon.colcon_core.executor[0m [1;30mINFO[0m Executing jobs using 'parallel' executor
[0.319s] [34mcolcon.colcon_parallel_executor.executor.parallel[0m [1;30mDEBUG[0m [32mrun_until_complete[0m
[0.319s] [34mcolcon.colcon_ros.task.ament_python.build[0m [1;30mINFO[0m Building ROS package in '/Users/Colegio/Documents/4to/1er_Semestre/Robotica/TPFinal_Robotica/turtlebot3_slam_mapper' with build type 'ament_python'
[0.319s] [34mcolcon.colcon_core.shell[0m [1;30mLevel 1[0m create_environment_hook('turtlebot3_slam_mapper', 'ament_prefix_path')
[0.322s] [34mcolcon.colcon_core.plugin_system[0m [1;30mINFO[0m Skipping extension 'colcon_core.shell.bat': Not used on non-Windows systems
[0.322s] [34mcolcon.colcon_core.shell[0m [1;30mINFO[0m Creating environment hook '/Users/Colegio/Documents/4to/1er_Semestre/Robotica/TPFinal_Robotica/install/turtlebot3_slam_mapper/share/turtlebot3_slam_mapper/hook/ament_prefix_path.ps1'
[0.324s] [34mcolcon.colcon_core.shell[0m [1;30mINFO[0m Creating environment descriptor '/Users/Colegio/Documents/4to/1er_Semestre/Robotica/TPFinal_Robotica/install/turtlebot3_slam_mapper/share/turtlebot3_slam_mapper/hook/ament_prefix_path.dsv'
[0.324s] [34mcolcon.colcon_core.shell[0m [1;30mINFO[0m Creating environment hook '/Users/Colegio/Documents/4to/1er_Semestre/Robotica/TPFinal_Robotica/install/turtlebot3_slam_mapper/share/turtlebot3_slam_mapper/hook/ament_prefix_path.sh'
[0.325s] [34mcolcon.colcon_core.shell[0m [1;30mINFO[0m Skip shell extension 'powershell' for command environment: Not usable outside of PowerShell
[0.325s] [34mcolcon.colcon_core.shell[0m [1;30mDEBUG[0m [32mSkip shell extension 'dsv' for command environment[0m
[0.527s] [34mcolcon.colcon_core.task.python.build[0m [1;30mINFO[0m Building Python package in '/Users/Colegio/Documents/4to/1er_Semestre/Robotica/TPFinal_Robotica/turtlebot3_slam_mapper'
[0.527s] [34mcolcon.colcon_core.shell[0m [1;30mINFO[0m Skip shell extension 'powershell' for command environment: Not usable outside of PowerShell
[0.527s] [34mcolcon.colcon_core.shell[0m [1;30mDEBUG[0m [32mSkip shell extension 'dsv' for command environment[0m
[0.903s] [34mcolcon.colcon_core.event_handler.log_command[0m [1;30mDEBUG[0m [32mInvoking command in '/Users/Colegio/Documents/4to/1er_Semestre/Robotica/TPFinal_Robotica/build/turtlebot3_slam_mapper': CONDA_PROMPT_MODIFIER=(rosenv) PYTHONPATH=/Users/Colegio/Documents/4to/1er_Semestre/Robotica/TPFinal_Robotica/build/turtlebot3_slam_mapper/prefix_override:/Users/Colegio/miniforge3/envs/rosenv/lib/python3.11/site-packages/colcon_core/task/python/colcon_distutils_commands:/Users/Colegio/Documents/4to/1er_Semestre/Robotica/TPFinal_Robotica/install/turtlebot3_slam_mapper/lib/python3.11/site-packages:${PYTHONPATH} SHLVL=2 _=/Users/Colegio/miniforge3/envs/rosenv/bin/env /Users/Colegio/miniforge3/envs/rosenv/bin/python3.11 -W ignore:setup.py install is deprecated setup.py develop --editable --build-directory /Users/Colegio/Documents/4to/1er_Semestre/Robotica/TPFinal_Robotica/build/turtlebot3_slam_mapper/build --no-deps symlink_data[0m
[1.433s] [34mcolcon.colcon_core.shell[0m [1;30mLevel 1[0m create_environment_hook('turtlebot3_slam_mapper', 'pythonpath_develop')
[1.433s] [34mcolcon.colcon_core.shell[0m [1;30mINFO[0m Creating environment hook '/Users/Colegio/Documents/4to/1er_Semestre/Robotica/TPFinal_Robotica/build/turtlebot3_slam_mapper/share/turtlebot3_slam_mapper/hook/pythonpath_develop.ps1'
[1.434s] [34mcolcon.colcon_core.event_handler.log_command[0m [1;30mDEBUG[0m [32mInvoked command in '/Users/Colegio/Documents/4to/1er_Semestre/Robotica/TPFinal_Robotica/build/turtlebot3_slam_mapper' returned '0': CONDA_PROMPT_MODIFIER=(rosenv) PYTHONPATH=/Users/Colegio/Documents/4to/1er_Semestre/Robotica/TPFinal_Robotica/build/turtlebot3_slam_mapper/prefix_override:/Users/Colegio/miniforge3/envs/rosenv/lib/python3.11/site-packages/colcon_core/task/python/colcon_distutils_commands:/Users/Colegio/Documents/4to/1er_Semestre/Robotica/TPFinal_Robotica/install/turtlebot3_slam_mapper/lib/python3.11/site-packages:${PYTHONPATH} SHLVL=2 _=/Users/Colegio/miniforge3/envs/rosenv/bin/env /Users/Colegio/miniforge3/envs/rosenv/bin/python3.11 -W ignore:setup.py install is deprecated setup.py develop --editable --build-directory /Users/Colegio/Documents/4to/1er_Semestre/Robotica/TPFinal_Robotica/build/turtlebot3_slam_mapper/build --no-deps symlink_data[0m
[1.434s] [34mcolcon.colcon_core.shell[0m [1;30mINFO[0m Creating environment descriptor '/Users/Colegio/Documents/4to/1er_Semestre/Robotica/TPFinal_Robotica/build/turtlebot3_slam_mapper/share/turtlebot3_slam_mapper/hook/pythonpath_develop.dsv'
[1.435s] [34mcolcon.colcon_core.shell[0m [1;30mINFO[0m Creating environment hook '/Users/Colegio/Documents/4to/1er_Semestre/Robotica/TPFinal_Robotica/build/turtlebot3_slam_mapper/share/turtlebot3_slam_mapper/hook/pythonpath_develop.sh'
[1.439s] [34mcolcon.colcon_core.environment[0m [1;30mLevel 1[0m checking '/Users/Colegio/Documents/4to/1er_Semestre/Robotica/TPFinal_Robotica/install/turtlebot3_slam_mapper' for CMake module files
[1.439s] [34mcolcon.colcon_core.environment[0m [1;30mLevel 1[0m checking '/Users/Colegio/Documents/4to/1er_Semestre/Robotica/TPFinal_Robotica/install/turtlebot3_slam_mapper' for CMake config files
[1.440s] [34mcolcon.colcon_core.environment[0m [1;30mLevel 1[0m checking '/Users/Colegio/Documents/4to/1er_Semestre/Robotica/TPFinal_Robotica/install/turtlebot3_slam_mapper/lib'
[1.440s] [34mcolcon.colcon_core.environment[0m [1;30mLevel 1[0m checking '/Users/Colegio/Documents/4to/1er_Semestre/Robotica/TPFinal_Robotica/install/turtlebot3_slam_mapper/bin'
[1.440s] [34mcolcon.colcon_core.environment[0m [1;30mLevel 1[0m checking '/Users/Colegio/Documents/4to/1er_Semestre/Robotica/TPFinal_Robotica/install/turtlebot3_slam_mapper/lib/pkgconfig/turtlebot3_slam_mapper.pc'
[1.440s] [34mcolcon.colcon_core.environment[0m [1;30mLevel 1[0m checking '/Users/Colegio/Documents/4to/1er_Semestre/Robotica/TPFinal_Robotica/install/turtlebot3_slam_mapper/lib/python3.11/site-packages'
[1.440s] [34mcolcon.colcon_core.shell[0m [1;30mLevel 1[0m create_environment_hook('turtlebot3_slam_mapper', 'pythonpath')
[1.440s] [34mcolcon.colcon_core.shell[0m [1;30mINFO[0m Creating environment hook '/Users/Colegio/Documents/4to/1er_Semestre/Robotica/TPFinal_Robotica/install/turtlebot3_slam_mapper/share/turtlebot3_slam_mapper/hook/pythonpath.ps1'
[1.441s] [34mcolcon.colcon_core.shell[0m [1;30mINFO[0m Creating environment descriptor '/Users/Colegio/Documents/4to/1er_Semestre/Robotica/TPFinal_Robotica/install/turtlebot3_slam_mapper/share/turtlebot3_slam_mapper/hook/pythonpath.dsv'
[1.441s] [34mcolcon.colcon_core.shell[0m [1;30mINFO[0m Creating environment hook '/Users/Colegio/Documents/4to/1er_Semestre/Robotica/TPFinal_Robotica/install/turtlebot3_slam_mapper/share/turtlebot3_slam_mapper/hook/pythonpath.sh'
[1.441s] [34mcolcon.colcon_core.environment[0m [1;30mLevel 1[0m checking '/Users/Colegio/Documents/4to/1er_Semestre/Robotica/TPFinal_Robotica/install/turtlebot3_slam_mapper/bin'
[1.441s] [34mcolcon.colcon_core.environment[0m [1;30mLevel 1[0m create_environment_scripts_only(turtlebot3_slam_mapper)
[1.441s] [34mcolcon.colcon_core.shell[0m [1;30mINFO[0m Creating package script '/Users/Colegio/Documents/4to/1er_Semestre/Robotica/TPFinal_Robotica/install/turtlebot3_slam_mapper/share/turtlebot3_slam_mapper/package.ps1'
[1.443s] [34mcolcon.colcon_core.shell[0m [1;30mINFO[0m Creating package descriptor '/Users/Colegio/Documents/4to/1er_Semestre/Robotica/TPFinal_Robotica/install/turtlebot3_slam_mapper/share/turtlebot3_slam_mapper/package.dsv'
[1.445s] [34mcolcon.colcon_core.shell[0m [1;30mINFO[0m Creating package script '/Users/Colegio/Documents/4to/1er_Semestre/Robotica/TPFinal_Robotica/install/turtlebot3_slam_mapper/share/turtlebot3_slam_mapper/package.sh'
[1.445s] [34mcolcon.colcon_core.shell[0m [1;30mINFO[0m Creating package script '/Users/Colegio/Documents/4to/1er_Semestre/Robotica/TPFinal_Robotica/install/turtlebot3_slam_mapper/share/turtlebot3_slam_mapper/package.bash'
[1.446s] [34mcolcon.colcon_core.shell[0m [1;30mINFO[0m Creating package script '/Users/Colegio/Documents/4to/1er_Semestre/Robotica/TPFinal_Robotica/install/turtlebot3_slam_mapper/share/turtlebot3_slam_mapper/package.zsh'
[1.447s] [34mcolcon.colcon_core.environment[0m [1;30mLevel 1[0m create_file_with_runtime_dependencies(/Users/Colegio/Documents/4to/1er_Semestre/Robotica/TPFinal_Robotica/install/turtlebot3_slam_mapper/share/colcon-core/packages/turtlebot3_slam_mapper)
[1.448s] [34mcolcon.colcon_parallel_executor.executor.parallel[0m [1;30mDEBUG[0m [32mclosing loop[0m
[1.448s] [34mcolcon.colcon_parallel_executor.executor.parallel[0m [1;30mDEBUG[0m [32mloop closed[0m
[1.448s] [34mcolcon.colcon_parallel_executor.executor.parallel[0m [1;30mDEBUG[0m [32mrun_until_complete finished with '0'[0m
[1.448s] [34mcolcon.colcon_core.event_reactor[0m [1;30mDEBUG[0m [32mjoining thread[0m
[1.448s] [34mcolcon.colcon_core.event_reactor[0m [1;30mDEBUG[0m [32mjoined thread[0m
[1.448s] [34mcolcon.colcon_core.shell[0m [1;30mINFO[0m Creating prefix script '/Users/Colegio/Documents/4to/1er_Semestre/Robotica/TPFinal_Robotica/install/local_setup.ps1'
[1.449s] [34mcolcon.colcon_core.shell[0m [1;30mINFO[0m Creating prefix util module '/Users/Colegio/Documents/4to/1er_Semestre/Robotica/TPFinal_Robotica/install/_local_setup_util_ps1.py'
[1.452s] [34mcolcon.colcon_core.shell[0m [1;30mINFO[0m Creating prefix chain script '/Users/Colegio/Documents/4to/1er_Semestre/Robotica/TPFinal_Robotica/install/setup.ps1'
[1.453s] [34mcolcon.colcon_core.shell[0m [1;30mINFO[0m Creating prefix script '/Users/Colegio/Documents/4to/1er_Semestre/Robotica/TPFinal_Robotica/install/local_setup.sh'
[1.453s] [34mcolcon.colcon_core.shell[0m [1;30mINFO[0m Creating prefix util module '/Users/Colegio/Documents/4to/1er_Semestre/Robotica/TPFinal_Robotica/install/_local_setup_util_sh.py'
[1.454s] [34mcolcon.colcon_core.shell[0m [1;30mINFO[0m Creating prefix chain script '/Users/Colegio/Documents/4to/1er_Semestre/Robotica/TPFinal_Robotica/install/setup.sh'
[1.455s] [34mcolcon.colcon_core.shell[0m [1;30mINFO[0m Creating prefix script '/Users/Colegio/Documents/4to/1er_Semestre/Robotica/TPFinal_Robotica/install/local_setup.bash'
[1.455s] [34mcolcon.colcon_core.shell[0m [1;30mINFO[0m Creating prefix chain script '/Users/Colegio/Documents/4to/1er_Semestre/Robotica/TPFinal_Robotica/install/setup.bash'
[1.456s] [34mcolcon.colcon_core.shell[0m [1;30mINFO[0m Creating prefix script '/Users/Colegio/Documents/4to/1er_Semestre/Robotica/TPFinal_Robotica/install/local_setup.zsh'
[1.457s] [34mcolcon.colcon_core.shell[0m [1;30mINFO[0m Creating prefix chain script '/Users/Colegio/Documents/4to/1er_Semestre/Robotica/TPFinal_Robotica/install/setup.zsh'
