running develop
running egg_info
creating turtlebot3_slam_mapper.egg-info
writing turtlebot3_slam_mapper.egg-info/PKG-INFO
writing dependency_links to turtlebot3_slam_mapper.egg-info/dependency_links.txt
writing entry points to turtlebot3_slam_mapper.egg-info/entry_points.txt
writing requirements to turtlebot3_slam_mapper.egg-info/requires.txt
writing top-level names to turtlebot3_slam_mapper.egg-info/top_level.txt
writing manifest file 'turtlebot3_slam_mapper.egg-info/SOURCES.txt'
reading manifest file 'turtlebot3_slam_mapper.egg-info/SOURCES.txt'
writing manifest file 'turtlebot3_slam_mapper.egg-info/SOURCES.txt'
running build_ext
Creating /Users/Colegio/Documents/4to/1er_Semestre/Robotica/TPFinal_Robotica/install/turtlebot3_slam_mapper/lib/python3.11/site-packages/turtlebot3-slam-mapper.egg-link (link to .)
Installing python_slam_node script to /Users/Colegio/Documents/4to/1er_Semestre/Robotica/TPFinal_Robotica/install/turtlebot3_slam_mapper/lib/turtlebot3_slam_mapper

Installed /Users/Colegio/Documents/4to/1er_Semestre/Robotica/TPFinal_Robotica/build/turtlebot3_slam_mapper
running symlink_data
creating /Users/Colegio/Documents/4to/1er_Semestre/Robotica/TPFinal_Robotica/install/turtlebot3_slam_mapper/share/ament_index/resource_index/packages
symbolically linking /Users/Colegio/Documents/4to/1er_Semestre/Robotica/TPFinal_Robotica/build/turtlebot3_slam_mapper/resource/turtlebot3_slam_mapper -> /Users/Colegio/Documents/4to/1er_Semestre/Robotica/TPFinal_Robotica/install/turtlebot3_slam_mapper/share/ament_index/resource_index/packages
symbolically linking /Users/Colegio/Documents/4to/1er_Semestre/Robotica/TPFinal_Robotica/build/turtlebot3_slam_mapper/package.xml -> /Users/Colegio/Documents/4to/1er_Semestre/Robotica/TPFinal_Robotica/install/turtlebot3_slam_mapper/share/turtlebot3_slam_mapper
creating /Users/Colegio/Documents/4to/1er_Semestre/Robotica/TPFinal_Robotica/install/turtlebot3_slam_mapper/share/turtlebot3_slam_mapper/launch
symbolically linking /Users/Colegio/Documents/4to/1er_Semestre/Robotica/TPFinal_Robotica/build/turtlebot3_slam_mapper/launch/python_slam_maze.launch.py -> /Users/Colegio/Documents/4to/1er_Semestre/Robotica/TPFinal_Robotica/install/turtlebot3_slam_mapper/share/turtlebot3_slam_mapper/launch
creating /Users/Colegio/Documents/4to/1er_Semestre/Robotica/TPFinal_Robotica/install/turtlebot3_slam_mapper/share/turtlebot3_slam_mapper/rviz
symbolically linking /Users/Colegio/Documents/4to/1er_Semestre/Robotica/TPFinal_Robotica/build/turtlebot3_slam_mapper/rviz/slam_maze.rviz -> /Users/Colegio/Documents/4to/1er_Semestre/Robotica/TPFinal_Robotica/install/turtlebot3_slam_mapper/share/turtlebot3_slam_mapper/rviz
creating /Users/Colegio/Documents/4to/1er_Semestre/Robotica/TPFinal_Robotica/install/turtlebot3_slam_mapper/share/turtlebot3_slam_mapper/config
symbolically linking /Users/Colegio/Documents/4to/1er_Semestre/Robotica/TPFinal_Robotica/build/turtlebot3_slam_mapper/config/slam_toolbox_params.yaml -> /Users/Colegio/Documents/4to/1er_Semestre/Robotica/TPFinal_Robotica/install/turtlebot3_slam_mapper/share/turtlebot3_slam_mapper/config
