[0.583s] Invoking command in '/Users/Colegio/Documents/4to/1er_Semestre/Robotica/TPFinal_Robotica/build/turtlebot3_slam_mapper': CONDA_PROMPT_MODIFIER=(rosenv) PYTHONPATH=/Users/Colegio/Documents/4to/1er_Semestre/Robotica/TPFinal_Robotica/build/turtlebot3_slam_mapper/prefix_override:/Users/Colegio/miniforge3/envs/rosenv/lib/python3.11/site-packages/colcon_core/task/python/colcon_distutils_commands:/Users/Colegio/Documents/4to/1er_Semestre/Robotica/TPFinal_Robotica/install/turtlebot3_slam_mapper/lib/python3.11/site-packages:${PYTHONPATH} SHLVL=2 _=/Users/Colegio/miniforge3/envs/rosenv/bin/env /Users/Colegio/miniforge3/envs/rosenv/bin/python3.11 -W ignore:setup.py install is deprecated setup.py develop --editable --build-directory /Users/Colegio/Documents/4to/1er_Semestre/Robotica/TPFinal_Robotica/build/turtlebot3_slam_mapper/build --no-deps symlink_data
[0.717s] /Users/Colegio/miniforge3/envs/rosenv/lib/python3.11/site-packages/setuptools/_distutils/dist.py:270: UserWarning: Unknown distribution option: 'tests_require'
[0.718s]   warnings.warn(msg)
[0.855s] running develop
[0.856s] /Users/Colegio/miniforge3/envs/rosenv/lib/python3.11/site-packages/setuptools/command/develop.py:41: EasyInstallDeprecationWarning: easy_install command is deprecated.
[0.856s] !!
[0.856s] 
[0.856s]         ********************************************************************************
[0.856s]         Please avoid running ``setup.py`` and ``easy_install``.
[0.856s]         Instead, use pypa/build, pypa/installer or other
[0.856s]         standards-based tools.
[0.856s] 
[0.856s]         See https://github.com/pypa/setuptools/issues/917 for details.
[0.856s]         ********************************************************************************
[0.856s] 
[0.856s] !!
[0.856s]   easy_install.initialize_options(self)
[1.020s] running egg_info
[1.031s] creating turtlebot3_slam_mapper.egg-info
[1.031s] writing turtlebot3_slam_mapper.egg-info/PKG-INFO
[1.031s] writing dependency_links to turtlebot3_slam_mapper.egg-info/dependency_links.txt
[1.032s] writing entry points to turtlebot3_slam_mapper.egg-info/entry_points.txt
[1.032s] writing requirements to turtlebot3_slam_mapper.egg-info/requires.txt
[1.032s] writing top-level names to turtlebot3_slam_mapper.egg-info/top_level.txt
[1.032s] writing manifest file 'turtlebot3_slam_mapper.egg-info/SOURCES.txt'
[1.052s] reading manifest file 'turtlebot3_slam_mapper.egg-info/SOURCES.txt'
[1.053s] writing manifest file 'turtlebot3_slam_mapper.egg-info/SOURCES.txt'
[1.064s] running build_ext
[1.064s] Creating /Users/Colegio/Documents/4to/1er_Semestre/Robotica/TPFinal_Robotica/install/turtlebot3_slam_mapper/lib/python3.11/site-packages/turtlebot3-slam-mapper.egg-link (link to .)
[1.065s] Installing python_slam_node script to /Users/Colegio/Documents/4to/1er_Semestre/Robotica/TPFinal_Robotica/install/turtlebot3_slam_mapper/lib/turtlebot3_slam_mapper
[1.065s] 
[1.065s] Installed /Users/Colegio/Documents/4to/1er_Semestre/Robotica/TPFinal_Robotica/build/turtlebot3_slam_mapper
[1.065s] running symlink_data
[1.065s] creating /Users/Colegio/Documents/4to/1er_Semestre/Robotica/TPFinal_Robotica/install/turtlebot3_slam_mapper/share/ament_index/resource_index/packages
[1.066s] symbolically linking /Users/Colegio/Documents/4to/1er_Semestre/Robotica/TPFinal_Robotica/build/turtlebot3_slam_mapper/resource/turtlebot3_slam_mapper -> /Users/Colegio/Documents/4to/1er_Semestre/Robotica/TPFinal_Robotica/install/turtlebot3_slam_mapper/share/ament_index/resource_index/packages
[1.066s] symbolically linking /Users/Colegio/Documents/4to/1er_Semestre/Robotica/TPFinal_Robotica/build/turtlebot3_slam_mapper/package.xml -> /Users/Colegio/Documents/4to/1er_Semestre/Robotica/TPFinal_Robotica/install/turtlebot3_slam_mapper/share/turtlebot3_slam_mapper
[1.066s] creating /Users/Colegio/Documents/4to/1er_Semestre/Robotica/TPFinal_Robotica/install/turtlebot3_slam_mapper/share/turtlebot3_slam_mapper/launch
[1.066s] symbolically linking /Users/Colegio/Documents/4to/1er_Semestre/Robotica/TPFinal_Robotica/build/turtlebot3_slam_mapper/launch/python_slam_maze.launch.py -> /Users/Colegio/Documents/4to/1er_Semestre/Robotica/TPFinal_Robotica/install/turtlebot3_slam_mapper/share/turtlebot3_slam_mapper/launch
[1.066s] creating /Users/Colegio/Documents/4to/1er_Semestre/Robotica/TPFinal_Robotica/install/turtlebot3_slam_mapper/share/turtlebot3_slam_mapper/rviz
[1.066s] symbolically linking /Users/Colegio/Documents/4to/1er_Semestre/Robotica/TPFinal_Robotica/build/turtlebot3_slam_mapper/rviz/slam_maze.rviz -> /Users/Colegio/Documents/4to/1er_Semestre/Robotica/TPFinal_Robotica/install/turtlebot3_slam_mapper/share/turtlebot3_slam_mapper/rviz
[1.066s] creating /Users/Colegio/Documents/4to/1er_Semestre/Robotica/TPFinal_Robotica/install/turtlebot3_slam_mapper/share/turtlebot3_slam_mapper/config
[1.066s] symbolically linking /Users/Colegio/Documents/4to/1er_Semestre/Robotica/TPFinal_Robotica/build/turtlebot3_slam_mapper/config/slam_toolbox_params.yaml -> /Users/Colegio/Documents/4to/1er_Semestre/Robotica/TPFinal_Robotica/install/turtlebot3_slam_mapper/share/turtlebot3_slam_mapper/config
[1.114s] Invoked command in '/Users/Colegio/Documents/4to/1er_Semestre/Robotica/TPFinal_Robotica/build/turtlebot3_slam_mapper' returned '0': CONDA_PROMPT_MODIFIER=(rosenv) PYTHONPATH=/Users/Colegio/Documents/4to/1er_Semestre/Robotica/TPFinal_Robotica/build/turtlebot3_slam_mapper/prefix_override:/Users/Colegio/miniforge3/envs/rosenv/lib/python3.11/site-packages/colcon_core/task/python/colcon_distutils_commands:/Users/Colegio/Documents/4to/1er_Semestre/Robotica/TPFinal_Robotica/install/turtlebot3_slam_mapper/lib/python3.11/site-packages:${PYTHONPATH} SHLVL=2 _=/Users/Colegio/miniforge3/envs/rosenv/bin/env /Users/Colegio/miniforge3/envs/rosenv/bin/python3.11 -W ignore:setup.py install is deprecated setup.py develop --editable --build-directory /Users/Colegio/Documents/4to/1er_Semestre/Robotica/TPFinal_Robotica/build/turtlebot3_slam_mapper/build --no-deps symlink_data
